<?xml version="1.0" encoding="UTF-8"?>
<!-- Generated by org.testng.reporters.JUnitXMLReporter -->
<testsuite ignored="0" hostname="DESKTOP-JN4EOK6" failures="0" tests="3" name="Default test" time="38.117" errors="0" timestamp="10 Nov 2022 12:28:12 GMT">
  <testcase classname="com.flib.setpinto.AmazonMobile" name="test1" time="7.744"/>
  <testcase classname="com.flib.setpinto.AmazonMobile" name="test2" time="2.265"/>
  <testcase classname="com.flib.setpinto.AmazonMobile" name="test3" time="0.548"/>
</testsuite> <!-- Default test -->
