<?xml version="1.0" encoding="UTF-8"?>
<!-- Generated by org.testng.reporters.JUnitXMLReporter -->
<testsuite ignored="7" hostname="DESKTOP-JN4EOK6" failures="0" tests="3" name="Test" time="162.507" errors="0" timestamp="10 Nov 2022 13:16:23 GMT">
  <testcase classname="com.flib.setpinto.AmazonMobile" name="test1" time="11.42"/>
  <testcase classname="com.flib.setpinto.MobileSearch" name="test1" time="23.989"/>
  <testcase classname="com.flib.setpinto.MobileSearch" name="test2" time="3.927"/>
  <testcase classname="com.flib.setpinto.MobileSearch" name="refresh" time="0.0">
    <ignored/>
  </testcase> <!-- refresh -->
  <testcase classname="com.flib.setpinto.MobileSearch" name="test6" time="0.0">
    <ignored/>
  </testcase> <!-- test6 -->
  <testcase classname="com.flib.setpinto.MobileSearch" name="test5" time="0.0">
    <ignored/>
  </testcase> <!-- test5 -->
  <testcase classname="com.flib.setpinto.AmazonMobile" name="test3" time="0.0">
    <ignored/>
  </testcase> <!-- test3 -->
  <testcase classname="com.flib.setpinto.MobileSearch" name="test4" time="0.0">
    <ignored/>
  </testcase> <!-- test4 -->
  <testcase classname="com.flib.setpinto.AmazonMobile" name="test2" time="0.0">
    <ignored/>
  </testcase> <!-- test2 -->
  <testcase classname="com.flib.setpinto.MobileSearch" name="test3" time="0.0">
    <ignored/>
  </testcase> <!-- test3 -->
</testsuite> <!-- Test -->
